android/rewards-nfc-display/app/build/intermediates/manifest_merge_blame_file/release/manifest-merger-blame-release-report.txt
1<?xml version="1.0" encoding="utf-8"?>
2<manifest xmlns:android="http://schemas.android.com/apk/res/android"
3    package="com.bitcoinrewards.nfcdisplay"
4    android:versionCode="10"
5    android:versionName="1.9.0" >
6
7    <uses-sdk
8        android:minSdkVersion="19"
9        android:targetSdkVersion="34" />
10
11    <uses-permission android:name="android.permission.NFC" />
11-->src/main/AndroidManifest.xml:5:5-62
11-->src/main/AndroidManifest.xml:5:22-59
12    <uses-permission android:name="android.permission.INTERNET" />
12-->src/main/AndroidManifest.xml:6:5-67
12-->src/main/AndroidManifest.xml:6:22-64
13    <uses-permission android:name="android.permission.VIBRATE" />
13-->src/main/AndroidManifest.xml:7:5-66
13-->src/main/AndroidManifest.xml:7:22-63
14
15    <uses-feature
15-->src/main/AndroidManifest.xml:8:5-81
16        android:name="android.hardware.nfc"
16-->src/main/AndroidManifest.xml:8:19-54
17        android:required="true" />
17-->src/main/AndroidManifest.xml:8:55-78
18    <uses-feature
18-->src/main/AndroidManifest.xml:9:5-85
19        android:name="android.hardware.nfc.hce"
19-->src/main/AndroidManifest.xml:9:19-58
20        android:required="true" />
20-->src/main/AndroidManifest.xml:9:59-82
21
22    <permission
22-->[androidx.core:core:1.9.0] AndroidManifest.xml:22:5-24:47
23        android:name="com.bitcoinrewards.nfcdisplay.DYNAMIC_RECEIVER_NOT_EXPORTED_PERMISSION"
23-->[androidx.core:core:1.9.0] AndroidManifest.xml:23:9-81
24        android:protectionLevel="signature" />
24-->[androidx.core:core:1.9.0] AndroidManifest.xml:24:9-44
25
26    <uses-permission android:name="com.bitcoinrewards.nfcdisplay.DYNAMIC_RECEIVER_NOT_EXPORTED_PERMISSION" />
26-->[androidx.core:core:1.9.0] AndroidManifest.xml:26:5-97
26-->[androidx.core:core:1.9.0] AndroidManifest.xml:26:22-94
27
28    <application
28-->src/main/AndroidManifest.xml:11:5-45:19
29        android:allowBackup="false"
29-->src/main/AndroidManifest.xml:12:9-36
30        android:appComponentFactory="androidx.core.app.CoreComponentFactory"
30-->[androidx.core:core:1.9.0] AndroidManifest.xml:28:18-86
31        android:extractNativeLibs="true"
32        android:label="@string/app_name"
32-->src/main/AndroidManifest.xml:13:9-41
33        android:theme="@style/Theme.MaterialComponents.NoActionBar" >
33-->src/main/AndroidManifest.xml:14:9-68
34        <activity
34-->src/main/AndroidManifest.xml:16:9-25:20
35            android:name="com.bitcoinrewards.nfcdisplay.MainActivity"
35-->src/main/AndroidManifest.xml:17:13-41
36            android:configChanges="orientation|screenSize|keyboardHidden"
36-->src/main/AndroidManifest.xml:19:13-74
37            android:exported="true"
37-->src/main/AndroidManifest.xml:18:13-36
38            android:screenOrientation="portrait" >
38-->src/main/AndroidManifest.xml:20:13-49
39            <intent-filter>
39-->src/main/AndroidManifest.xml:21:13-24:29
40                <action android:name="android.intent.action.MAIN" />
40-->src/main/AndroidManifest.xml:22:17-69
40-->src/main/AndroidManifest.xml:22:25-66
41
42                <category android:name="android.intent.category.LAUNCHER" />
42-->src/main/AndroidManifest.xml:23:17-77
42-->src/main/AndroidManifest.xml:23:27-74
43            </intent-filter>
44        </activity>
45        <activity
45-->src/main/AndroidManifest.xml:27:9-31:75
46            android:name="com.bitcoinrewards.nfcdisplay.SettingsActivity"
46-->src/main/AndroidManifest.xml:28:13-45
47            android:exported="false"
47-->src/main/AndroidManifest.xml:29:13-37
48            android:screenOrientation="portrait"
48-->src/main/AndroidManifest.xml:30:13-49
49            android:theme="@style/Theme.MaterialComponents.NoActionBar" />
49-->src/main/AndroidManifest.xml:31:13-72
50
51        <service
51-->src/main/AndroidManifest.xml:33:9-44:19
52            android:name="com.bitcoinrewards.nfcdisplay.ndef.NdefHostCardEmulationService"
52-->src/main/AndroidManifest.xml:34:13-62
53            android:exported="true"
53-->src/main/AndroidManifest.xml:35:13-36
54            android:permission="android.permission.BIND_NFC_SERVICE" >
54-->src/main/AndroidManifest.xml:36:13-69
55            <intent-filter>
55-->src/main/AndroidManifest.xml:37:13-40:29
56                <action android:name="android.nfc.cardemulation.action.HOST_APDU_SERVICE" />
56-->src/main/AndroidManifest.xml:38:17-93
56-->src/main/AndroidManifest.xml:38:25-90
57
58                <category android:name="android.intent.category.DEFAULT" />
58-->src/main/AndroidManifest.xml:39:17-76
58-->src/main/AndroidManifest.xml:39:27-73
59            </intent-filter>
60
61            <meta-data
61-->src/main/AndroidManifest.xml:41:13-43:52
62                android:name="android.nfc.cardemulation.host_apdu_service"
62-->src/main/AndroidManifest.xml:42:17-75
63                android:resource="@xml/aid_list" />
63-->src/main/AndroidManifest.xml:43:17-49
64        </service>
65
66        <provider
66-->[androidx.emoji2:emoji2:1.2.0] AndroidManifest.xml:24:9-32:20
67            android:name="androidx.startup.InitializationProvider"
67-->[androidx.emoji2:emoji2:1.2.0] AndroidManifest.xml:25:13-67
68            android:authorities="com.bitcoinrewards.nfcdisplay.androidx-startup"
68-->[androidx.emoji2:emoji2:1.2.0] AndroidManifest.xml:26:13-68
69            android:exported="false" >
69-->[androidx.emoji2:emoji2:1.2.0] AndroidManifest.xml:27:13-37
70            <meta-data
70-->[androidx.emoji2:emoji2:1.2.0] AndroidManifest.xml:29:13-31:52
71                android:name="androidx.emoji2.text.EmojiCompatInitializer"
71-->[androidx.emoji2:emoji2:1.2.0] AndroidManifest.xml:30:17-75
72                android:value="androidx.startup" />
72-->[androidx.emoji2:emoji2:1.2.0] AndroidManifest.xml:31:17-49
73            <meta-data
73-->[androidx.lifecycle:lifecycle-process:2.6.1] AndroidManifest.xml:29:13-31:52
74                android:name="androidx.lifecycle.ProcessLifecycleInitializer"
74-->[androidx.lifecycle:lifecycle-process:2.6.1] AndroidManifest.xml:30:17-78
75                android:value="androidx.startup" />
75-->[androidx.lifecycle:lifecycle-process:2.6.1] AndroidManifest.xml:31:17-49
76            <meta-data
76-->[androidx.profileinstaller:profileinstaller:1.3.0] AndroidManifest.xml:29:13-31:52
77                android:name="androidx.profileinstaller.ProfileInstallerInitializer"
77-->[androidx.profileinstaller:profileinstaller:1.3.0] AndroidManifest.xml:30:17-85
78                android:value="androidx.startup" />
78-->[androidx.profileinstaller:profileinstaller:1.3.0] AndroidManifest.xml:31:17-49
79        </provider>
80
81        <receiver
81-->[androidx.profileinstaller:profileinstaller:1.3.0] AndroidManifest.xml:34:9-52:20
82            android:name="androidx.profileinstaller.ProfileInstallReceiver"
82-->[androidx.profileinstaller:profileinstaller:1.3.0] AndroidManifest.xml:35:13-76
83            android:directBootAware="false"
83-->[androidx.profileinstaller:profileinstaller:1.3.0] AndroidManifest.xml:36:13-44
84            android:enabled="true"
84-->[androidx.profileinstaller:profileinstaller:1.3.0] AndroidManifest.xml:37:13-35
85            android:exported="true"
85-->[androidx.profileinstaller:profileinstaller:1.3.0] AndroidManifest.xml:38:13-36
86            android:permission="android.permission.DUMP" >
86-->[androidx.profileinstaller:profileinstaller:1.3.0] AndroidManifest.xml:39:13-57
87            <intent-filter>
87-->[androidx.profileinstaller:profileinstaller:1.3.0] AndroidManifest.xml:40:13-42:29
88                <action android:name="androidx.profileinstaller.action.INSTALL_PROFILE" />
88-->[androidx.profileinstaller:profileinstaller:1.3.0] AndroidManifest.xml:41:17-91
88-->[androidx.profileinstaller:profileinstaller:1.3.0] AndroidManifest.xml:41:25-88
89            </intent-filter>
90            <intent-filter>
90-->[androidx.profileinstaller:profileinstaller:1.3.0] AndroidManifest.xml:43:13-45:29
91                <action android:name="androidx.profileinstaller.action.SKIP_FILE" />
91-->[androidx.profileinstaller:profileinstaller:1.3.0] AndroidManifest.xml:44:17-85
91-->[androidx.profileinstaller:profileinstaller:1.3.0] AndroidManifest.xml:44:25-82
92            </intent-filter>
93            <intent-filter>
93-->[androidx.profileinstaller:profileinstaller:1.3.0] AndroidManifest.xml:46:13-48:29
94                <action android:name="androidx.profileinstaller.action.SAVE_PROFILE" />
94-->[androidx.profileinstaller:profileinstaller:1.3.0] AndroidManifest.xml:47:17-88
94-->[androidx.profileinstaller:profileinstaller:1.3.0] AndroidManifest.xml:47:25-85
95            </intent-filter>
96            <intent-filter>
96-->[androidx.profileinstaller:profileinstaller:1.3.0] AndroidManifest.xml:49:13-51:29
97                <action android:name="androidx.profileinstaller.action.BENCHMARK_OPERATION" />
97-->[androidx.profileinstaller:profileinstaller:1.3.0] AndroidManifest.xml:50:17-95
97-->[androidx.profileinstaller:profileinstaller:1.3.0] AndroidManifest.xml:50:25-92
98            </intent-filter>
99        </receiver>
100    </application>
101
102</manifest>